<?xml version="1.0" encoding="UTF-8"?>
<!-- Generated by org.testng.reporters.JUnitReportReporter -->
<testsuite skipped="0" hostname="LIN35007740" name="com.assignment02.qa.LoginTest.LoginPageTest" tests="1" failures="0" timestamp="07 Aug 2019 11:59:49 GMT" time="13.679" errors="0">
  <testcase name="page_displayed" time="13.679" classname="com.assignment02.qa.LoginTest.LoginPageTest"/>
</testsuite> <!-- com.assignment02.qa.LoginTest.LoginPageTest -->
